INFO [2021-02-17 12:02:08] $x
INFO [2021-02-17 12:02:08] list(pln_DEGs_all_venn %>% filter(contrast == "Low vs Ambient") %>% 
INFO [2021-02-17 12:02:08]     select(gene_id) %>% unlist(), pln_DEGs_all_venn %>% filter(contrast == 
INFO [2021-02-17 12:02:08]     "Extreme Low vs Ambient") %>% select(gene_id) %>% unlist(), 
INFO [2021-02-17 12:02:08]     pln_DEGs_all_venn %>% filter(contrast == "Extreme Low vs Low") %>% 
INFO [2021-02-17 12:02:08]         select(gene_id) %>% unlist())
INFO [2021-02-17 12:02:08] 
INFO [2021-02-17 12:02:08] $category.names
INFO [2021-02-17 12:02:08] c("Low vs Ambient", "Extreme Low vs Ambient", "Extreme Low vs Low")
INFO [2021-02-17 12:02:08] 
INFO [2021-02-17 12:02:08] $filename
INFO [2021-02-17 12:02:08] [1] "2-Differential-Gene-Expression-Analysis/Output/OA_pln_DEGs.png"
INFO [2021-02-17 12:02:08] 
INFO [2021-02-17 12:02:08] $output
INFO [2021-02-17 12:02:08] [1] TRUE
INFO [2021-02-17 12:02:08] 
INFO [2021-02-17 12:02:08] $imagetype
INFO [2021-02-17 12:02:08] [1] "png"
INFO [2021-02-17 12:02:08] 
INFO [2021-02-17 12:02:08] $height
INFO [2021-02-17 12:02:08] [1] 600
INFO [2021-02-17 12:02:08] 
INFO [2021-02-17 12:02:08] $width
INFO [2021-02-17 12:02:08] [1] 600
INFO [2021-02-17 12:02:08] 
INFO [2021-02-17 12:02:08] $resolution
INFO [2021-02-17 12:02:08] [1] 300
INFO [2021-02-17 12:02:08] 
INFO [2021-02-17 12:02:08] $compression
INFO [2021-02-17 12:02:08] [1] "lzw"
INFO [2021-02-17 12:02:08] 
INFO [2021-02-17 12:02:08] $lwd
INFO [2021-02-17 12:02:08] [1] 2
INFO [2021-02-17 12:02:08] 
INFO [2021-02-17 12:02:08] $lty
INFO [2021-02-17 12:02:08] [1] "blank"
INFO [2021-02-17 12:02:08] 
INFO [2021-02-17 12:02:08] $fill
INFO [2021-02-17 12:02:08] ann_colors
INFO [2021-02-17 12:02:08] 
INFO [2021-02-17 12:02:08] $cex
INFO [2021-02-17 12:02:08] [1] 0.3
INFO [2021-02-17 12:02:08] 
INFO [2021-02-17 12:02:08] $fontface
INFO [2021-02-17 12:02:08] [1] "bold"
INFO [2021-02-17 12:02:08] 
INFO [2021-02-17 12:02:08] $fontfamily
INFO [2021-02-17 12:02:08] [1] "sans"
INFO [2021-02-17 12:02:08] 
INFO [2021-02-17 12:02:08] $cat.cex
INFO [2021-02-17 12:02:08] [1] 0.3
INFO [2021-02-17 12:02:08] 
INFO [2021-02-17 12:02:08] $cat.fontface
INFO [2021-02-17 12:02:08] [1] "bold"
INFO [2021-02-17 12:02:08] 
INFO [2021-02-17 12:02:08] $cat.default.pos
INFO [2021-02-17 12:02:08] [1] "outer"
INFO [2021-02-17 12:02:08] 
INFO [2021-02-17 12:02:08] $cat.pos
INFO [2021-02-17 12:02:08] c(-27, 27, 135)
INFO [2021-02-17 12:02:08] 
INFO [2021-02-17 12:02:08] $cat.dist
INFO [2021-02-17 12:02:08] c(0.055, 0.055, 0.085)
INFO [2021-02-17 12:02:08] 
INFO [2021-02-17 12:02:08] $cat.fontfamily
INFO [2021-02-17 12:02:08] [1] "sans"
INFO [2021-02-17 12:02:08] 
INFO [2021-02-17 12:02:08] $rotation
INFO [2021-02-17 12:02:08] [1] 1
INFO [2021-02-17 12:02:08] 
