INFO [2021-02-17 11:02:06] $x
INFO [2021-02-17 11:02:06] list(pln_DEGs_all_venn %>% filter(contrast == "Low vs Ambient") %>% 
INFO [2021-02-17 11:02:06]     select(gene_id) %>% unlist(), pln_DEGs_all_venn %>% filter(contrast == 
INFO [2021-02-17 11:02:06]     "Extreme Low vs Ambient") %>% select(gene_id) %>% unlist(), 
INFO [2021-02-17 11:02:06]     pln_DEGs_all_venn %>% filter(contrast == "Extreme Low vs Low") %>% 
INFO [2021-02-17 11:02:06]         select(gene_id) %>% unlist())
INFO [2021-02-17 11:02:06] 
INFO [2021-02-17 11:02:06] $category.names
INFO [2021-02-17 11:02:06] c("Low vs Ambient", "Extreme Low vs Ambient", "Extreme Low vs Low")
INFO [2021-02-17 11:02:06] 
INFO [2021-02-17 11:02:06] $filename
INFO [2021-02-17 11:02:06] [1] "2-Differential-Gene-Expression-Analysis/Output/OA_pln_DEGs.png"
INFO [2021-02-17 11:02:06] 
INFO [2021-02-17 11:02:06] $output
INFO [2021-02-17 11:02:06] [1] TRUE
INFO [2021-02-17 11:02:06] 
INFO [2021-02-17 11:02:06] $imagetype
INFO [2021-02-17 11:02:06] [1] "png"
INFO [2021-02-17 11:02:06] 
INFO [2021-02-17 11:02:06] $height
INFO [2021-02-17 11:02:06] [1] 600
INFO [2021-02-17 11:02:06] 
INFO [2021-02-17 11:02:06] $width
INFO [2021-02-17 11:02:06] [1] 600
INFO [2021-02-17 11:02:06] 
INFO [2021-02-17 11:02:06] $resolution
INFO [2021-02-17 11:02:06] [1] 300
INFO [2021-02-17 11:02:06] 
INFO [2021-02-17 11:02:06] $compression
INFO [2021-02-17 11:02:06] [1] "lzw"
INFO [2021-02-17 11:02:06] 
INFO [2021-02-17 11:02:06] $lwd
INFO [2021-02-17 11:02:06] [1] 2
INFO [2021-02-17 11:02:06] 
INFO [2021-02-17 11:02:06] $lty
INFO [2021-02-17 11:02:06] [1] "blank"
INFO [2021-02-17 11:02:06] 
INFO [2021-02-17 11:02:06] $fill
INFO [2021-02-17 11:02:06] ann_colors
INFO [2021-02-17 11:02:06] 
INFO [2021-02-17 11:02:06] $cex
INFO [2021-02-17 11:02:06] [1] 0.3
INFO [2021-02-17 11:02:06] 
INFO [2021-02-17 11:02:06] $fontface
INFO [2021-02-17 11:02:06] [1] "bold"
INFO [2021-02-17 11:02:06] 
INFO [2021-02-17 11:02:06] $fontfamily
INFO [2021-02-17 11:02:06] [1] "sans"
INFO [2021-02-17 11:02:06] 
INFO [2021-02-17 11:02:06] $cat.cex
INFO [2021-02-17 11:02:06] [1] 0.3
INFO [2021-02-17 11:02:06] 
INFO [2021-02-17 11:02:06] $cat.fontface
INFO [2021-02-17 11:02:06] [1] "bold"
INFO [2021-02-17 11:02:06] 
INFO [2021-02-17 11:02:06] $cat.default.pos
INFO [2021-02-17 11:02:06] [1] "outer"
INFO [2021-02-17 11:02:06] 
INFO [2021-02-17 11:02:06] $cat.pos
INFO [2021-02-17 11:02:06] c(-27, 27, 135)
INFO [2021-02-17 11:02:06] 
INFO [2021-02-17 11:02:06] $cat.dist
INFO [2021-02-17 11:02:06] c(0.055, 0.055, 0.085)
INFO [2021-02-17 11:02:06] 
INFO [2021-02-17 11:02:06] $cat.fontfamily
INFO [2021-02-17 11:02:06] [1] "sans"
INFO [2021-02-17 11:02:06] 
INFO [2021-02-17 11:02:06] $rotation
INFO [2021-02-17 11:02:06] [1] 1
INFO [2021-02-17 11:02:06] 
