Loading necessary programs Tue Nov 10 16:19:33 EST 2020
Settings:
  Output files: "./symbiont_ref.*.ht2"
  Line rate: 6 (line is 64 bytes)
  Lines per side: 1 (side is 64 bytes)
  Offset rate: 4 (one in 16)
  FTable chars: 10
  Strings: unpacked
  Local offset rate: 3 (one in 8)
  Local fTable chars: 6
  Local sequence length: 57344
  Local sequence overlap between two consecutive indexes: 1024
  Endianness: little
  Actual local endianness: little
  Sanity checking: disabled
  Assertions: disabled
  Random seed: 0
  Sizeofs: void*:8, int:4, long:8, size_t:8
Input files DNA, FASTA:
  ./symbiont_genome_cat.fasta
Reading reference sizes
  Time reading reference sizes: 00:00:22
Calculating joined length
Writing header
Reserving space for joined string
Joining reference sequences
  Time to join reference sequences: 00:00:05
  Time to read SNPs and splice sites: 00:00:00
Using parameters --bmax 251132925 --dcv 1024
  Doing ahead-of-time memory usage test
  Passed!  Constructing with these parameters: --bmax 251132925 --dcv 1024
Constructing suffix-array element generator
Building DifferenceCoverSample
  Building sPrime
  Building sPrimeOrder
  V-Sorting samples
  V-Sorting samples time: 00:00:18
  Allocating rank array
  Ranking v-sort output
  Ranking v-sort output time: 00:00:06
  Invoking Larsson-Sadakane on ranks
  Invoking Larsson-Sadakane on ranks time: 00:00:11
  Sanity-checking and returning
Building samples
Reserving space for 12 sample suffixes
Generating random suffixes
QSorting 12 sample offsets, eliminating duplicates
QSorting sample offsets, eliminating duplicates time: 00:00:00
Multikey QSorting 12 samples
  (Using difference cover)
  Multikey QSorting samples time: 00:00:00
Calculating bucket sizes
Splitting and merging
  Splitting and merging time: 00:00:00
Split 1, merged 5; iterating...
Splitting and merging
  Splitting and merging time: 00:00:00
Avg bucket size: 1.91339e+08 (target: 251132924)
Converting suffix-array elements to index image
Allocating ftab, absorbFtab
Entering GFM loop
Getting block 1 of 7
  Reserving size (251132925) for bucket 1
  Calculating Z arrays for bucket 1
  Entering block accumulator loop for bucket 1:
  bucket 1: 10%
  bucket 1: 20%
  bucket 1: 30%
  bucket 1: 40%
  bucket 1: 50%
  bucket 1: 60%
  bucket 1: 70%
  bucket 1: 80%
  bucket 1: 90%
  bucket 1: 100%
  Sorting block of length 250696542 for bucket 1
  (Using difference cover)
  Sorting block time: 00:00:54
Returning block of 250696543 for bucket 1
Getting block 2 of 7
  Reserving size (251132925) for bucket 2
  Calculating Z arrays for bucket 2
  Entering block accumulator loop for bucket 2:
  bucket 2: 10%
  bucket 2: 20%
  bucket 2: 30%
  bucket 2: 40%
  bucket 2: 50%
  bucket 2: 60%
  bucket 2: 70%
  bucket 2: 80%
  bucket 2: 90%
  bucket 2: 100%
  Sorting block of length 172736168 for bucket 2
  (Using difference cover)
  Sorting block time: 00:00:37
Returning block of 172736169 for bucket 2
Getting block 3 of 7
  Reserving size (251132925) for bucket 3
  Calculating Z arrays for bucket 3
  Entering block accumulator loop for bucket 3:
  bucket 3: 10%
  bucket 3: 20%
  bucket 3: 30%
  bucket 3: 40%
  bucket 3: 50%
  bucket 3: 60%
  bucket 3: 70%
  bucket 3: 80%
  bucket 3: 90%
  bucket 3: 100%
  Sorting block of length 231009471 for bucket 3
  (Using difference cover)
  Sorting block time: 00:00:49
Returning block of 231009472 for bucket 3
Getting block 4 of 7
  Reserving size (251132925) for bucket 4
  Calculating Z arrays for bucket 4
  Entering block accumulator loop for bucket 4:
  bucket 4: 10%
  bucket 4: 20%
  bucket 4: 30%
  bucket 4: 40%
  bucket 4: 50%
  bucket 4: 60%
  bucket 4: 70%
  bucket 4: 80%
  bucket 4: 90%
  bucket 4: 100%
  Sorting block of length 138863745 for bucket 4
  (Using difference cover)
  Sorting block time: 00:00:29
Returning block of 138863746 for bucket 4
Getting block 5 of 7
  Reserving size (251132925) for bucket 5
  Calculating Z arrays for bucket 5
  Entering block accumulator loop for bucket 5:
  bucket 5: 10%
  bucket 5: 20%
  bucket 5: 30%
  bucket 5: 40%
  bucket 5: 50%
  bucket 5: 60%
  bucket 5: 70%
  bucket 5: 80%
  bucket 5: 90%
  bucket 5: 100%
  Sorting block of length 168787202 for bucket 5
  (Using difference cover)
  Sorting block time: 00:00:36
Returning block of 168787203 for bucket 5
Getting block 6 of 7
  Reserving size (251132925) for bucket 6
  Calculating Z arrays for bucket 6
  Entering block accumulator loop for bucket 6:
  bucket 6: 10%
  bucket 6: 20%
  bucket 6: 30%
  bucket 6: 40%
  bucket 6: 50%
  bucket 6: 60%
  bucket 6: 70%
  bucket 6: 80%
  bucket 6: 90%
  bucket 6: 100%
  Sorting block of length 243255302 for bucket 6
  (Using difference cover)
  Sorting block time: 00:00:53
Returning block of 243255303 for bucket 6
Getting block 7 of 7
  Reserving size (251132925) for bucket 7
  Calculating Z arrays for bucket 7
  Entering block accumulator loop for bucket 7:
  bucket 7: 10%
  bucket 7: 20%
  bucket 7: 30%
  bucket 7: 40%
  bucket 7: 50%
  bucket 7: 60%
  bucket 7: 70%
  bucket 7: 80%
  bucket 7: 90%
  bucket 7: 100%
  Sorting block of length 134027160 for bucket 7
  (Using difference cover)
  Sorting block time: 00:00:28
Returning block of 134027161 for bucket 7
Exited GFM loop
fchr[A]: 0
fchr[C]: 353093379
fchr[G]: 669974183
fchr[T]: 986546946
fchr[$]: 1339375596
Exiting GFM::buildToDisk()
Returning from initFromVector
Wrote 455194578 bytes to primary GFM file: ./symbiont_ref.1.ht2
Wrote 334843904 bytes to secondary GFM file: ./symbiont_ref.2.ht2
Re-opening _in1 and _in2 as input streams
Returning from GFM constructor
Returning from initFromVector
Wrote 750523157 bytes to primary GFM file: ./symbiont_ref.5.ht2
Wrote 339137802 bytes to secondary GFM file: ./symbiont_ref.6.ht2
Re-opening _in5 and _in5 as input streams
Returning from HierEbwt constructor
Headers:
    len: 1339375596
    gbwtLen: 1339375597
    nodes: 1339375597
    sz: 334843899
    gbwtSz: 334843900
    lineRate: 6
    offRate: 4
    offMask: 0xfffffff0
    ftabChars: 10
    eftabLen: 0
    eftabSz: 0
    ftabLen: 1048577
    ftabSz: 4194308
    offsLen: 83710975
    offsSz: 334843900
    lineSz: 64
    sideSz: 64
    sideGbwtSz: 48
    sideGbwtLen: 192
    numSides: 6975915
    numLines: 6975915
    gbwtTotLen: 446458560
    gbwtTotSz: 446458560
    reverse: 0
    linearFM: Yes
Total time for call to driver() for forward index: 00:13:57
Aligning paired end reads to the reference genome Tue Nov 10 16:33:32 EST 2020
HISAT2 PE 1101_R1_001.clean.fastq.gz Tue Nov 10 16:33:32 EST 2020
16961235 reads; of these:
  16961235 (100.00%) were paired; of these:
    16568151 (97.68%) aligned concordantly 0 times
    387336 (2.28%) aligned concordantly exactly 1 time
    5748 (0.03%) aligned concordantly >1 times
    ----
    16568151 pairs aligned concordantly 0 times; of these:
      599869 (3.62%) aligned discordantly 1 time
    ----
    15968282 pairs aligned 0 times concordantly or discordantly; of these:
      31936564 mates make up the pairs; of these:
        31457597 (98.50%) aligned 0 times
        462978 (1.45%) aligned exactly 1 time
        15989 (0.05%) aligned >1 times
7.27% overall alignment rate
[bam_sort_core] merging from 8 files and 8 in-memory blocks...
1101_R1_001.clean.fastq.gz bam-ified! Tue Nov 10 17:37:07 EST 2020
HISAT2 PE 119_R1_001.clean.fastq.gz Tue Nov 10 17:37:07 EST 2020
15735471 reads; of these:
  15735471 (100.00%) were paired; of these:
    15551881 (98.83%) aligned concordantly 0 times
    176778 (1.12%) aligned concordantly exactly 1 time
    6812 (0.04%) aligned concordantly >1 times
    ----
    15551881 pairs aligned concordantly 0 times; of these:
      165123 (1.06%) aligned discordantly 1 time
    ----
    15386758 pairs aligned 0 times concordantly or discordantly; of these:
      30773516 mates make up the pairs; of these:
        30505541 (99.13%) aligned 0 times
        254111 (0.83%) aligned exactly 1 time
        13864 (0.05%) aligned >1 times
3.07% overall alignment rate
[bam_sort_core] merging from 8 files and 8 in-memory blocks...
119_R1_001.clean.fastq.gz bam-ified! Tue Nov 10 18:34:58 EST 2020
HISAT2 PE 120_R1_001.clean.fastq.gz Tue Nov 10 18:34:58 EST 2020
16746988 reads; of these:
  16746988 (100.00%) were paired; of these:
    16524459 (98.67%) aligned concordantly 0 times
    209234 (1.25%) aligned concordantly exactly 1 time
    13295 (0.08%) aligned concordantly >1 times
    ----
    16524459 pairs aligned concordantly 0 times; of these:
      117667 (0.71%) aligned discordantly 1 time
    ----
    16406792 pairs aligned 0 times concordantly or discordantly; of these:
      32813584 mates make up the pairs; of these:
        32501469 (99.05%) aligned 0 times
        290005 (0.88%) aligned exactly 1 time
        22110 (0.07%) aligned >1 times
2.96% overall alignment rate
[bam_sort_core] merging from 8 files and 8 in-memory blocks...
120_R1_001.clean.fastq.gz bam-ified! Tue Nov 10 19:36:15 EST 2020
HISAT2 PE 121_R1_001.clean.fastq.gz Tue Nov 10 19:36:15 EST 2020
14738013 reads; of these:
  14738013 (100.00%) were paired; of these:
    14406553 (97.75%) aligned concordantly 0 times
    317790 (2.16%) aligned concordantly exactly 1 time
    13670 (0.09%) aligned concordantly >1 times
    ----
    14406553 pairs aligned concordantly 0 times; of these:
      260315 (1.81%) aligned discordantly 1 time
    ----
    14146238 pairs aligned 0 times concordantly or discordantly; of these:
      28292476 mates make up the pairs; of these:
        27828331 (98.36%) aligned 0 times
        435739 (1.54%) aligned exactly 1 time
        28406 (0.10%) aligned >1 times
5.59% overall alignment rate
[bam_sort_core] merging from 8 files and 8 in-memory blocks...
121_R1_001.clean.fastq.gz bam-ified! Tue Nov 10 20:33:26 EST 2020
HISAT2 PE 127_R1_001.clean.fastq.gz Tue Nov 10 20:33:26 EST 2020
16571299 reads; of these:
  16571299 (100.00%) were paired; of these:
    16168024 (97.57%) aligned concordantly 0 times
    382541 (2.31%) aligned concordantly exactly 1 time
    20734 (0.13%) aligned concordantly >1 times
    ----
    16168024 pairs aligned concordantly 0 times; of these:
      171441 (1.06%) aligned discordantly 1 time
    ----
    15996583 pairs aligned 0 times concordantly or discordantly; of these:
      31993166 mates make up the pairs; of these:
        31510212 (98.49%) aligned 0 times
        450451 (1.41%) aligned exactly 1 time
        32503 (0.10%) aligned >1 times
4.93% overall alignment rate
[bam_sort_core] merging from 8 files and 8 in-memory blocks...
127_R1_001.clean.fastq.gz bam-ified! Tue Nov 10 21:36:28 EST 2020
HISAT2 PE 128_R1_001.clean.fastq.gz Tue Nov 10 21:36:28 EST 2020
13859037 reads; of these:
  13859037 (100.00%) were paired; of these:
    13544058 (97.73%) aligned concordantly 0 times
    300488 (2.17%) aligned concordantly exactly 1 time
    14491 (0.10%) aligned concordantly >1 times
    ----
    13544058 pairs aligned concordantly 0 times; of these:
      172217 (1.27%) aligned discordantly 1 time
    ----
    13371841 pairs aligned 0 times concordantly or discordantly; of these:
      26743682 mates make up the pairs; of these:
        26356582 (98.55%) aligned 0 times
        361648 (1.35%) aligned exactly 1 time
        25452 (0.10%) aligned >1 times
4.91% overall alignment rate
[bam_sort_core] merging from 8 files and 8 in-memory blocks...
128_R1_001.clean.fastq.gz bam-ified! Tue Nov 10 22:29:38 EST 2020
HISAT2 PE 129_R1_001.clean.fastq.gz Tue Nov 10 22:29:38 EST 2020
13206196 reads; of these:
  13206196 (100.00%) were paired; of these:
    12898177 (97.67%) aligned concordantly 0 times
    295265 (2.24%) aligned concordantly exactly 1 time
    12754 (0.10%) aligned concordantly >1 times
    ----
    12898177 pairs aligned concordantly 0 times; of these:
      171939 (1.33%) aligned discordantly 1 time
    ----
    12726238 pairs aligned 0 times concordantly or discordantly; of these:
      25452476 mates make up the pairs; of these:
        25088331 (98.57%) aligned 0 times
        342370 (1.35%) aligned exactly 1 time
        21775 (0.09%) aligned >1 times
5.01% overall alignment rate
[bam_sort_core] merging from 8 files and 8 in-memory blocks...
129_R1_001.clean.fastq.gz bam-ified! Tue Nov 10 23:20:23 EST 2020
HISAT2 PE 130_R1_001.clean.fastq.gz Tue Nov 10 23:20:23 EST 2020
14162329 reads; of these:
  14162329 (100.00%) were paired; of these:
    14130244 (99.77%) aligned concordantly 0 times
    30520 (0.22%) aligned concordantly exactly 1 time
    1565 (0.01%) aligned concordantly >1 times
    ----
    14130244 pairs aligned concordantly 0 times; of these:
      10127 (0.07%) aligned discordantly 1 time
    ----
    14120117 pairs aligned 0 times concordantly or discordantly; of these:
      28240234 mates make up the pairs; of these:
        28188043 (99.82%) aligned 0 times
        50112 (0.18%) aligned exactly 1 time
        2079 (0.01%) aligned >1 times
0.48% overall alignment rate
[bam_sort_core] merging from 8 files and 8 in-memory blocks...
130_R1_001.clean.fastq.gz bam-ified! Wed Nov 11 00:08:44 EST 2020
HISAT2 PE 131_R1_001.clean.fastq.gz Wed Nov 11 00:08:44 EST 2020
13293825 reads; of these:
  13293825 (100.00%) were paired; of these:
    12867011 (96.79%) aligned concordantly 0 times
    407158 (3.06%) aligned concordantly exactly 1 time
    19656 (0.15%) aligned concordantly >1 times
    ----
    12867011 pairs aligned concordantly 0 times; of these:
      229308 (1.78%) aligned discordantly 1 time
    ----
    12637703 pairs aligned 0 times concordantly or discordantly; of these:
      25275406 mates make up the pairs; of these:
        24743471 (97.90%) aligned 0 times
        498109 (1.97%) aligned exactly 1 time
        33826 (0.13%) aligned >1 times
6.94% overall alignment rate
[bam_sort_core] merging from 8 files and 8 in-memory blocks...
131_R1_001.clean.fastq.gz bam-ified! Wed Nov 11 00:59:54 EST 2020
HISAT2 PE 132_R1_001.clean.fastq.gz Wed Nov 11 00:59:54 EST 2020
13809914 reads; of these:
  13809914 (100.00%) were paired; of these:
    13435925 (97.29%) aligned concordantly 0 times
    355475 (2.57%) aligned concordantly exactly 1 time
    18514 (0.13%) aligned concordantly >1 times
    ----
    13435925 pairs aligned concordantly 0 times; of these:
      195021 (1.45%) aligned discordantly 1 time
    ----
    13240904 pairs aligned 0 times concordantly or discordantly; of these:
      26481808 mates make up the pairs; of these:
        25983092 (98.12%) aligned 0 times
        465438 (1.76%) aligned exactly 1 time
        33278 (0.13%) aligned >1 times
5.93% overall alignment rate
[bam_sort_core] merging from 8 files and 8 in-memory blocks...
132_R1_001.clean.fastq.gz bam-ified! Wed Nov 11 01:53:07 EST 2020
HISAT2 PE 133_R1_001.clean.fastq.gz Wed Nov 11 01:53:07 EST 2020
14505821 reads; of these:
  14505821 (100.00%) were paired; of these:
    14426027 (99.45%) aligned concordantly 0 times
    74703 (0.51%) aligned concordantly exactly 1 time
    5091 (0.04%) aligned concordantly >1 times
    ----
    14426027 pairs aligned concordantly 0 times; of these:
      27079 (0.19%) aligned discordantly 1 time
    ----
    14398948 pairs aligned 0 times concordantly or discordantly; of these:
      28797896 mates make up the pairs; of these:
        28691051 (99.63%) aligned 0 times
        99935 (0.35%) aligned exactly 1 time
        6910 (0.02%) aligned >1 times
1.11% overall alignment rate
[bam_sort_core] merging from 8 files and 8 in-memory blocks...
133_R1_001.clean.fastq.gz bam-ified! Wed Nov 11 02:43:54 EST 2020
HISAT2 PE 134_R1_001.clean.fastq.gz Wed Nov 11 02:43:54 EST 2020
13596112 reads; of these:
  13596112 (100.00%) were paired; of these:
    13181901 (96.95%) aligned concordantly 0 times
    396604 (2.92%) aligned concordantly exactly 1 time
    17607 (0.13%) aligned concordantly >1 times
    ----
    13181901 pairs aligned concordantly 0 times; of these:
      253882 (1.93%) aligned discordantly 1 time
    ----
    12928019 pairs aligned 0 times concordantly or discordantly; of these:
      25856038 mates make up the pairs; of these:
        25285319 (97.79%) aligned 0 times
        535421 (2.07%) aligned exactly 1 time
        35298 (0.14%) aligned >1 times
7.01% overall alignment rate
[bam_sort_core] merging from 8 files and 8 in-memory blocks...
134_R1_001.clean.fastq.gz bam-ified! Wed Nov 11 03:36:30 EST 2020
HISAT2 PE 153_R1_001.clean.fastq.gz Wed Nov 11 03:36:30 EST 2020
13186807 reads; of these:
  13186807 (100.00%) were paired; of these:
    13145201 (99.68%) aligned concordantly 0 times
    39117 (0.30%) aligned concordantly exactly 1 time
    2489 (0.02%) aligned concordantly >1 times
    ----
    13145201 pairs aligned concordantly 0 times; of these:
      10983 (0.08%) aligned discordantly 1 time
    ----
    13134218 pairs aligned 0 times concordantly or discordantly; of these:
      26268436 mates make up the pairs; of these:
        26222021 (99.82%) aligned 0 times
        43552 (0.17%) aligned exactly 1 time
        2863 (0.01%) aligned >1 times
0.57% overall alignment rate
[bam_sort_core] merging from 8 files and 8 in-memory blocks...
153_R1_001.clean.fastq.gz bam-ified! Wed Nov 11 04:22:19 EST 2020
HISAT2 PE 1548_R1_001.clean.fastq.gz Wed Nov 11 04:22:19 EST 2020
13570117 reads; of these:
  13570117 (100.00%) were paired; of these:
    13089990 (96.46%) aligned concordantly 0 times
    471212 (3.47%) aligned concordantly exactly 1 time
    8915 (0.07%) aligned concordantly >1 times
    ----
    13089990 pairs aligned concordantly 0 times; of these:
      764908 (5.84%) aligned discordantly 1 time
    ----
    12325082 pairs aligned 0 times concordantly or discordantly; of these:
      24650164 mates make up the pairs; of these:
        23964281 (97.22%) aligned 0 times
        660935 (2.68%) aligned exactly 1 time
        24948 (0.10%) aligned >1 times
11.70% overall alignment rate
[bam_sort_core] merging from 8 files and 8 in-memory blocks...
1548_R1_001.clean.fastq.gz bam-ified! Wed Nov 11 05:15:15 EST 2020
HISAT2 PE 154_R1_001.clean.fastq.gz Wed Nov 11 05:15:15 EST 2020
18637363 reads; of these:
  18637363 (100.00%) were paired; of these:
    18598896 (99.79%) aligned concordantly 0 times
    36503 (0.20%) aligned concordantly exactly 1 time
    1964 (0.01%) aligned concordantly >1 times
    ----
    18598896 pairs aligned concordantly 0 times; of these:
      13931 (0.07%) aligned discordantly 1 time
    ----
    18584965 pairs aligned 0 times concordantly or discordantly; of these:
      37169930 mates make up the pairs; of these:
        37111493 (99.84%) aligned 0 times
        54903 (0.15%) aligned exactly 1 time
        3534 (0.01%) aligned >1 times
0.44% overall alignment rate
[bam_sort_core] merging from 8 files and 8 in-memory blocks...
154_R1_001.clean.fastq.gz bam-ified! Wed Nov 11 06:21:51 EST 2020
HISAT2 PE 155_R1_001.clean.fastq.gz Wed Nov 11 06:21:51 EST 2020
16751962 reads; of these:
  16751962 (100.00%) were paired; of these:
    16714509 (99.78%) aligned concordantly 0 times
    35111 (0.21%) aligned concordantly exactly 1 time
    2342 (0.01%) aligned concordantly >1 times
    ----
    16714509 pairs aligned concordantly 0 times; of these:
      11681 (0.07%) aligned discordantly 1 time
    ----
    16702828 pairs aligned 0 times concordantly or discordantly; of these:
      33405656 mates make up the pairs; of these:
        33348617 (99.83%) aligned 0 times
        53973 (0.16%) aligned exactly 1 time
        3066 (0.01%) aligned >1 times
0.46% overall alignment rate
[bam_sort_core] merging from 8 files and 8 in-memory blocks...
155_R1_001.clean.fastq.gz bam-ified! Wed Nov 11 07:21:14 EST 2020
HISAT2 PE 156_R1_001.clean.fastq.gz Wed Nov 11 07:21:14 EST 2020
16717897 reads; of these:
  16717897 (100.00%) were paired; of these:
    16641093 (99.54%) aligned concordantly 0 times
    72257 (0.43%) aligned concordantly exactly 1 time
    4547 (0.03%) aligned concordantly >1 times
    ----
    16641093 pairs aligned concordantly 0 times; of these:
      23900 (0.14%) aligned discordantly 1 time
    ----
    16617193 pairs aligned 0 times concordantly or discordantly; of these:
      33234386 mates make up the pairs; of these:
        33144607 (99.73%) aligned 0 times
        84176 (0.25%) aligned exactly 1 time
        5603 (0.02%) aligned >1 times
0.87% overall alignment rate
[bam_sort_core] merging from 8 files and 8 in-memory blocks...
156_R1_001.clean.fastq.gz bam-ified! Wed Nov 11 08:19:53 EST 2020
HISAT2 PE 157_R1_001.clean.fastq.gz Wed Nov 11 08:19:53 EST 2020
13851434 reads; of these:
  13851434 (100.00%) were paired; of these:
    13485718 (97.36%) aligned concordantly 0 times
    349599 (2.52%) aligned concordantly exactly 1 time
    16117 (0.12%) aligned concordantly >1 times
    ----
    13485718 pairs aligned concordantly 0 times; of these:
      227607 (1.69%) aligned discordantly 1 time
    ----
    13258111 pairs aligned 0 times concordantly or discordantly; of these:
      26516222 mates make up the pairs; of these:
        25993760 (98.03%) aligned 0 times
        489930 (1.85%) aligned exactly 1 time
        32532 (0.12%) aligned >1 times
6.17% overall alignment rate
[bam_sort_core] merging from 8 files and 8 in-memory blocks...
157_R1_001.clean.fastq.gz bam-ified! Wed Nov 11 09:13:43 EST 2020
HISAT2 PE 158_R1_001.clean.fastq.gz Wed Nov 11 09:13:43 EST 2020
13354481 reads; of these:
  13354481 (100.00%) were paired; of these:
    13290471 (99.52%) aligned concordantly 0 times
    60162 (0.45%) aligned concordantly exactly 1 time
    3848 (0.03%) aligned concordantly >1 times
    ----
    13290471 pairs aligned concordantly 0 times; of these:
      17467 (0.13%) aligned discordantly 1 time
    ----
    13273004 pairs aligned 0 times concordantly or discordantly; of these:
      26546008 mates make up the pairs; of these:
        26468365 (99.71%) aligned 0 times
        72936 (0.27%) aligned exactly 1 time
        4707 (0.02%) aligned >1 times
0.90% overall alignment rate
[bam_sort_core] merging from 8 files and 8 in-memory blocks...
158_R1_001.clean.fastq.gz bam-ified! Wed Nov 11 10:00:29 EST 2020
HISAT2 PE 159_R1_001.clean.fastq.gz Wed Nov 11 10:00:29 EST 2020
14457629 reads; of these:
  14457629 (100.00%) were paired; of these:
    14188492 (98.14%) aligned concordantly 0 times
    257552 (1.78%) aligned concordantly exactly 1 time
    11585 (0.08%) aligned concordantly >1 times
    ----
    14188492 pairs aligned concordantly 0 times; of these:
      169737 (1.20%) aligned discordantly 1 time
    ----
    14018755 pairs aligned 0 times concordantly or discordantly; of these:
      28037510 mates make up the pairs; of these:
        27659666 (98.65%) aligned 0 times
        355214 (1.27%) aligned exactly 1 time
        22630 (0.08%) aligned >1 times
4.34% overall alignment rate
[bam_sort_core] merging from 8 files and 8 in-memory blocks...
159_R1_001.clean.fastq.gz bam-ified! Wed Nov 11 10:54:38 EST 2020
HISAT2 PE 160_R1_001.clean.fastq.gz Wed Nov 11 10:54:38 EST 2020
14489484 reads; of these:
  14489484 (100.00%) were paired; of these:
    14417766 (99.51%) aligned concordantly 0 times
    67838 (0.47%) aligned concordantly exactly 1 time
    3880 (0.03%) aligned concordantly >1 times
    ----
    14417766 pairs aligned concordantly 0 times; of these:
      33123 (0.23%) aligned discordantly 1 time
    ----
    14384643 pairs aligned 0 times concordantly or discordantly; of these:
      28769286 mates make up the pairs; of these:
        28666350 (99.64%) aligned 0 times
        96096 (0.33%) aligned exactly 1 time
        6840 (0.02%) aligned >1 times
1.08% overall alignment rate
[bam_sort_core] merging from 8 files and 8 in-memory blocks...
160_R1_001.clean.fastq.gz bam-ified! Wed Nov 11 11:46:42 EST 2020
HISAT2 PE 1628_R1_001.clean.fastq.gz Wed Nov 11 11:46:42 EST 2020
16640766 reads; of these:
  16640766 (100.00%) were paired; of these:
    16172298 (97.18%) aligned concordantly 0 times
    461257 (2.77%) aligned concordantly exactly 1 time
    7211 (0.04%) aligned concordantly >1 times
    ----
    16172298 pairs aligned concordantly 0 times; of these:
      680886 (4.21%) aligned discordantly 1 time
    ----
    15491412 pairs aligned 0 times concordantly or discordantly; of these:
      30982824 mates make up the pairs; of these:
        30449039 (98.28%) aligned 0 times
        515315 (1.66%) aligned exactly 1 time
        18470 (0.06%) aligned >1 times
8.51% overall alignment rate
[bam_sort_core] merging from 8 files and 8 in-memory blocks...
1628_R1_001.clean.fastq.gz bam-ified! Wed Nov 11 12:48:16 EST 2020
HISAT2 PE 162_R1_001.clean.fastq.gz Wed Nov 11 12:48:16 EST 2020
14700108 reads; of these:
  14700108 (100.00%) were paired; of these:
    14583848 (99.21%) aligned concordantly 0 times
    111296 (0.76%) aligned concordantly exactly 1 time
    4964 (0.03%) aligned concordantly >1 times
    ----
    14583848 pairs aligned concordantly 0 times; of these:
      58892 (0.40%) aligned discordantly 1 time
    ----
    14524956 pairs aligned 0 times concordantly or discordantly; of these:
      29049912 mates make up the pairs; of these:
        28900305 (99.49%) aligned 0 times
        141023 (0.49%) aligned exactly 1 time
        8584 (0.03%) aligned >1 times
1.70% overall alignment rate
[bam_sort_core] merging from 8 files and 8 in-memory blocks...
162_R1_001.clean.fastq.gz bam-ified! Wed Nov 11 13:43:09 EST 2020
HISAT2 PE 163_R1_001.clean.fastq.gz Wed Nov 11 13:43:09 EST 2020
13185051 reads; of these:
  13185051 (100.00%) were paired; of these:
    13146741 (99.71%) aligned concordantly 0 times
    36034 (0.27%) aligned concordantly exactly 1 time
    2276 (0.02%) aligned concordantly >1 times
    ----
    13146741 pairs aligned concordantly 0 times; of these:
      17652 (0.13%) aligned discordantly 1 time
    ----
    13129089 pairs aligned 0 times concordantly or discordantly; of these:
      26258178 mates make up the pairs; of these:
        26193007 (99.75%) aligned 0 times
        60959 (0.23%) aligned exactly 1 time
        4212 (0.02%) aligned >1 times
0.67% overall alignment rate
[bam_sort_core] merging from 8 files and 8 in-memory blocks...
163_R1_001.clean.fastq.gz bam-ified! Wed Nov 11 14:30:28 EST 2020
HISAT2 PE 164_R1_001.clean.fastq.gz Wed Nov 11 14:30:28 EST 2020
12773001 reads; of these:
  12773001 (100.00%) were paired; of these:
    12745309 (99.78%) aligned concordantly 0 times
    26180 (0.20%) aligned concordantly exactly 1 time
    1512 (0.01%) aligned concordantly >1 times
    ----
    12745309 pairs aligned concordantly 0 times; of these:
      10512 (0.08%) aligned discordantly 1 time
    ----
    12734797 pairs aligned 0 times concordantly or discordantly; of these:
      25469594 mates make up the pairs; of these:
        25428731 (99.84%) aligned 0 times
        38193 (0.15%) aligned exactly 1 time
        2670 (0.01%) aligned >1 times
0.46% overall alignment rate
[bam_sort_core] merging from 8 files and 8 in-memory blocks...
164_R1_001.clean.fastq.gz bam-ified! Wed Nov 11 15:15:16 EST 2020
HISAT2 PE 165_R1_001.clean.fastq.gz Wed Nov 11 15:15:16 EST 2020
16091087 reads; of these:
  16091087 (100.00%) were paired; of these:
    16051738 (99.76%) aligned concordantly 0 times
    36796 (0.23%) aligned concordantly exactly 1 time
    2553 (0.02%) aligned concordantly >1 times
    ----
    16051738 pairs aligned concordantly 0 times; of these:
      14781 (0.09%) aligned discordantly 1 time
    ----
    16036957 pairs aligned 0 times concordantly or discordantly; of these:
      32073914 mates make up the pairs; of these:
        32015481 (99.82%) aligned 0 times
        54521 (0.17%) aligned exactly 1 time
        3912 (0.01%) aligned >1 times
0.52% overall alignment rate
[bam_sort_core] merging from 8 files and 8 in-memory blocks...
165_R1_001.clean.fastq.gz bam-ified! Wed Nov 11 16:11:55 EST 2020
HISAT2 PE 166_R1_001.clean.fastq.gz Wed Nov 11 16:11:55 EST 2020
14487569 reads; of these:
  14487569 (100.00%) were paired; of these:
    14420812 (99.54%) aligned concordantly 0 times
    62804 (0.43%) aligned concordantly exactly 1 time
    3953 (0.03%) aligned concordantly >1 times
    ----
    14420812 pairs aligned concordantly 0 times; of these:
      27809 (0.19%) aligned discordantly 1 time
    ----
    14393003 pairs aligned 0 times concordantly or discordantly; of these:
      28786006 mates make up the pairs; of these:
        28696034 (99.69%) aligned 0 times
        83731 (0.29%) aligned exactly 1 time
        6241 (0.02%) aligned >1 times
0.96% overall alignment rate
[bam_sort_core] merging from 8 files and 8 in-memory blocks...
166_R1_001.clean.fastq.gz bam-ified! Wed Nov 11 17:03:13 EST 2020
HISAT2 PE 167_R1_001.clean.fastq.gz Wed Nov 11 17:03:13 EST 2020
14479586 reads; of these:
  14479586 (100.00%) were paired; of these:
    14367519 (99.23%) aligned concordantly 0 times
    107675 (0.74%) aligned concordantly exactly 1 time
    4392 (0.03%) aligned concordantly >1 times
    ----
    14367519 pairs aligned concordantly 0 times; of these:
      67955 (0.47%) aligned discordantly 1 time
    ----
    14299564 pairs aligned 0 times concordantly or discordantly; of these:
      28599128 mates make up the pairs; of these:
        28448505 (99.47%) aligned 0 times
        142093 (0.50%) aligned exactly 1 time
        8530 (0.03%) aligned >1 times
1.76% overall alignment rate
[bam_sort_core] merging from 8 files and 8 in-memory blocks...
167_R1_001.clean.fastq.gz bam-ified! Wed Nov 11 17:55:57 EST 2020
HISAT2 PE 168_R1_001.clean.fastq.gz Wed Nov 11 17:55:57 EST 2020
14473684 reads; of these:
  14473684 (100.00%) were paired; of these:
    14291280 (98.74%) aligned concordantly 0 times
    174533 (1.21%) aligned concordantly exactly 1 time
    7871 (0.05%) aligned concordantly >1 times
    ----
    14291280 pairs aligned concordantly 0 times; of these:
      72135 (0.50%) aligned discordantly 1 time
    ----
    14219145 pairs aligned 0 times concordantly or discordantly; of these:
      28438290 mates make up the pairs; of these:
        28274422 (99.42%) aligned 0 times
        154143 (0.54%) aligned exactly 1 time
        9725 (0.03%) aligned >1 times
2.32% overall alignment rate
[bam_sort_core] merging from 8 files and 8 in-memory blocks...
168_R1_001.clean.fastq.gz bam-ified! Wed Nov 11 18:47:56 EST 2020
HISAT2 PE 169_R1_001.clean.fastq.gz Wed Nov 11 18:47:56 EST 2020
11824893 reads; of these:
  11824893 (100.00%) were paired; of these:
    11804752 (99.83%) aligned concordantly 0 times
    18877 (0.16%) aligned concordantly exactly 1 time
    1264 (0.01%) aligned concordantly >1 times
    ----
    11804752 pairs aligned concordantly 0 times; of these:
      5775 (0.05%) aligned discordantly 1 time
    ----
    11798977 pairs aligned 0 times concordantly or discordantly; of these:
      23597954 mates make up the pairs; of these:
        23573241 (99.90%) aligned 0 times
        23214 (0.10%) aligned exactly 1 time
        1499 (0.01%) aligned >1 times
0.32% overall alignment rate
[bam_sort_core] merging from 8 files and 8 in-memory blocks...
169_R1_001.clean.fastq.gz bam-ified! Wed Nov 11 19:30:20 EST 2020
HISAT2 PE 179_R1_001.clean.fastq.gz Wed Nov 11 19:30:20 EST 2020
12913165 reads; of these:
  12913165 (100.00%) were paired; of these:
    12775398 (98.93%) aligned concordantly 0 times
    132986 (1.03%) aligned concordantly exactly 1 time
    4781 (0.04%) aligned concordantly >1 times
    ----
    12775398 pairs aligned concordantly 0 times; of these:
      84847 (0.66%) aligned discordantly 1 time
    ----
    12690551 pairs aligned 0 times concordantly or discordantly; of these:
      25381102 mates make up the pairs; of these:
        25224932 (99.38%) aligned 0 times
        148125 (0.58%) aligned exactly 1 time
        8045 (0.03%) aligned >1 times
2.33% overall alignment rate
[bam_sort_core] merging from 8 files and 8 in-memory blocks...
179_R1_001.clean.fastq.gz bam-ified! Wed Nov 11 20:16:52 EST 2020
HISAT2 PE 180_R1_001.clean.fastq.gz Wed Nov 11 20:16:52 EST 2020
11919642 reads; of these:
  11919642 (100.00%) were paired; of these:
    11739758 (98.49%) aligned concordantly 0 times
    170234 (1.43%) aligned concordantly exactly 1 time
    9650 (0.08%) aligned concordantly >1 times
    ----
    11739758 pairs aligned concordantly 0 times; of these:
      86706 (0.74%) aligned discordantly 1 time
    ----
    11653052 pairs aligned 0 times concordantly or discordantly; of these:
      23306104 mates make up the pairs; of these:
        23024843 (98.79%) aligned 0 times
        262561 (1.13%) aligned exactly 1 time
        18700 (0.08%) aligned >1 times
3.42% overall alignment rate
[bam_sort_core] merging from 8 files and 8 in-memory blocks...
180_R1_001.clean.fastq.gz bam-ified! Wed Nov 11 21:02:00 EST 2020
HISAT2 PE 181_R1_001.clean.fastq.gz Wed Nov 11 21:02:01 EST 2020
11187477 reads; of these:
  11187477 (100.00%) were paired; of these:
    11137971 (99.56%) aligned concordantly 0 times
    46148 (0.41%) aligned concordantly exactly 1 time
    3358 (0.03%) aligned concordantly >1 times
    ----
    11137971 pairs aligned concordantly 0 times; of these:
      18006 (0.16%) aligned discordantly 1 time
    ----
    11119965 pairs aligned 0 times concordantly or discordantly; of these:
      22239930 mates make up the pairs; of these:
        22169259 (99.68%) aligned 0 times
        65434 (0.29%) aligned exactly 1 time
        5237 (0.02%) aligned >1 times
0.92% overall alignment rate
[bam_sort_core] merging from 8 files and 8 in-memory blocks...
181_R1_001.clean.fastq.gz bam-ified! Wed Nov 11 21:42:29 EST 2020
HISAT2 PE 182_R1_001.clean.fastq.gz Wed Nov 11 21:42:29 EST 2020
17048929 reads; of these:
  17048929 (100.00%) were paired; of these:
    17001960 (99.72%) aligned concordantly 0 times
    44288 (0.26%) aligned concordantly exactly 1 time
    2681 (0.02%) aligned concordantly >1 times
    ----
    17001960 pairs aligned concordantly 0 times; of these:
      15884 (0.09%) aligned discordantly 1 time
    ----
    16986076 pairs aligned 0 times concordantly or discordantly; of these:
      33972152 mates make up the pairs; of these:
        33912878 (99.83%) aligned 0 times
        55342 (0.16%) aligned exactly 1 time
        3932 (0.01%) aligned >1 times
0.54% overall alignment rate
[bam_sort_core] merging from 8 files and 8 in-memory blocks...
182_R1_001.clean.fastq.gz bam-ified! Wed Nov 11 22:42:16 EST 2020
HISAT2 PE 183_R1_001.clean.fastq.gz Wed Nov 11 22:42:16 EST 2020
11526429 reads; of these:
  11526429 (100.00%) were paired; of these:
    11478614 (99.59%) aligned concordantly 0 times
    45483 (0.39%) aligned concordantly exactly 1 time
    2332 (0.02%) aligned concordantly >1 times
    ----
    11478614 pairs aligned concordantly 0 times; of these:
      18593 (0.16%) aligned discordantly 1 time
    ----
    11460021 pairs aligned 0 times concordantly or discordantly; of these:
      22920042 mates make up the pairs; of these:
        22875263 (99.80%) aligned 0 times
        41965 (0.18%) aligned exactly 1 time
        2814 (0.01%) aligned >1 times
0.77% overall alignment rate
[bam_sort_core] merging from 8 files and 8 in-memory blocks...
183_R1_001.clean.fastq.gz bam-ified! Wed Nov 11 23:22:51 EST 2020
HISAT2 PE 184_R1_001.clean.fastq.gz Wed Nov 11 23:22:51 EST 2020
12030136 reads; of these:
  12030136 (100.00%) were paired; of these:
    11883712 (98.78%) aligned concordantly 0 times
    138844 (1.15%) aligned concordantly exactly 1 time
    7580 (0.06%) aligned concordantly >1 times
    ----
    11883712 pairs aligned concordantly 0 times; of these:
      70631 (0.59%) aligned discordantly 1 time
    ----
    11813081 pairs aligned 0 times concordantly or discordantly; of these:
      23626162 mates make up the pairs; of these:
        23412333 (99.09%) aligned 0 times
        199807 (0.85%) aligned exactly 1 time
        14022 (0.06%) aligned >1 times
2.69% overall alignment rate
[bam_sort_core] merging from 8 files and 8 in-memory blocks...
184_R1_001.clean.fastq.gz bam-ified! Thu Nov 12 00:07:24 EST 2020
HISAT2 PE 185_R1_001.clean.fastq.gz Thu Nov 12 00:07:24 EST 2020
11744187 reads; of these:
  11744187 (100.00%) were paired; of these:
    11595379 (98.73%) aligned concordantly 0 times
    143798 (1.22%) aligned concordantly exactly 1 time
    5010 (0.04%) aligned concordantly >1 times
    ----
    11595379 pairs aligned concordantly 0 times; of these:
      89868 (0.78%) aligned discordantly 1 time
    ----
    11505511 pairs aligned 0 times concordantly or discordantly; of these:
      23011022 mates make up the pairs; of these:
        22852527 (99.31%) aligned 0 times
        150611 (0.65%) aligned exactly 1 time
        7884 (0.03%) aligned >1 times
2.71% overall alignment rate
[bam_sort_core] merging from 8 files and 8 in-memory blocks...
185_R1_001.clean.fastq.gz bam-ified! Thu Nov 12 00:49:54 EST 2020
HISAT2 PE 186_R1_001.clean.fastq.gz Thu Nov 12 00:49:54 EST 2020
13327721 reads; of these:
  13327721 (100.00%) were paired; of these:
    13220251 (99.19%) aligned concordantly 0 times
    101924 (0.76%) aligned concordantly exactly 1 time
    5546 (0.04%) aligned concordantly >1 times
    ----
    13220251 pairs aligned concordantly 0 times; of these:
      57197 (0.43%) aligned discordantly 1 time
    ----
    13163054 pairs aligned 0 times concordantly or discordantly; of these:
      26326108 mates make up the pairs; of these:
        26159707 (99.37%) aligned 0 times
        156042 (0.59%) aligned exactly 1 time
        10359 (0.04%) aligned >1 times
1.86% overall alignment rate
[bam_sort_core] merging from 8 files and 8 in-memory blocks...
186_R1_001.clean.fastq.gz bam-ified! Thu Nov 12 01:38:20 EST 2020
HISAT2 PE 212_R1_001.clean.fastq.gz Thu Nov 12 01:38:20 EST 2020
13858209 reads; of these:
  13858209 (100.00%) were paired; of these:
    13747096 (99.20%) aligned concordantly 0 times
    104669 (0.76%) aligned concordantly exactly 1 time
    6444 (0.05%) aligned concordantly >1 times
    ----
    13747096 pairs aligned concordantly 0 times; of these:
      50028 (0.36%) aligned discordantly 1 time
    ----
    13697068 pairs aligned 0 times concordantly or discordantly; of these:
      27394136 mates make up the pairs; of these:
        27211164 (99.33%) aligned 0 times
        170436 (0.62%) aligned exactly 1 time
        12536 (0.05%) aligned >1 times
1.82% overall alignment rate
[bam_sort_core] merging from 8 files and 8 in-memory blocks...
212_R1_001.clean.fastq.gz bam-ified! Thu Nov 12 02:28:39 EST 2020
HISAT2 PE 215_R1_001.clean.fastq.gz Thu Nov 12 02:28:39 EST 2020
12766725 reads; of these:
  12766725 (100.00%) were paired; of these:
    12517492 (98.05%) aligned concordantly 0 times
    237382 (1.86%) aligned concordantly exactly 1 time
    11851 (0.09%) aligned concordantly >1 times
    ----
    12517492 pairs aligned concordantly 0 times; of these:
      131274 (1.05%) aligned discordantly 1 time
    ----
    12386218 pairs aligned 0 times concordantly or discordantly; of these:
      24772436 mates make up the pairs; of these:
        24438591 (98.65%) aligned 0 times
        311747 (1.26%) aligned exactly 1 time
        22098 (0.09%) aligned >1 times
4.29% overall alignment rate
[bam_sort_core] merging from 8 files and 8 in-memory blocks...
215_R1_001.clean.fastq.gz bam-ified! Thu Nov 12 03:16:51 EST 2020
HISAT2 PE 218_R1_001.clean.fastq.gz Thu Nov 12 03:16:51 EST 2020
15156983 reads; of these:
  15156983 (100.00%) were paired; of these:
    15135780 (99.86%) aligned concordantly 0 times
    19978 (0.13%) aligned concordantly exactly 1 time
    1225 (0.01%) aligned concordantly >1 times
    ----
    15135780 pairs aligned concordantly 0 times; of these:
      8799 (0.06%) aligned discordantly 1 time
    ----
    15126981 pairs aligned 0 times concordantly or discordantly; of these:
      30253962 mates make up the pairs; of these:
        30224391 (99.90%) aligned 0 times
        27721 (0.09%) aligned exactly 1 time
        1850 (0.01%) aligned >1 times
0.30% overall alignment rate
[bam_sort_core] merging from 8 files and 8 in-memory blocks...
218_R1_001.clean.fastq.gz bam-ified! Thu Nov 12 04:09:22 EST 2020
HISAT2 PE 221_R1_001.clean.fastq.gz Thu Nov 12 04:09:22 EST 2020
13847948 reads; of these:
  13847948 (100.00%) were paired; of these:
    13832247 (99.89%) aligned concordantly 0 times
    14892 (0.11%) aligned concordantly exactly 1 time
    809 (0.01%) aligned concordantly >1 times
    ----
    13832247 pairs aligned concordantly 0 times; of these:
      6608 (0.05%) aligned discordantly 1 time
    ----
    13825639 pairs aligned 0 times concordantly or discordantly; of these:
      27651278 mates make up the pairs; of these:
        27625012 (99.91%) aligned 0 times
        24824 (0.09%) aligned exactly 1 time
        1442 (0.01%) aligned >1 times
0.26% overall alignment rate
[bam_sort_core] merging from 8 files and 8 in-memory blocks...
221_R1_001.clean.fastq.gz bam-ified! Thu Nov 12 04:57:59 EST 2020
HISAT2 PE 359_R1_001.clean.fastq.gz Thu Nov 12 04:57:59 EST 2020
14742426 reads; of these:
  14742426 (100.00%) were paired; of these:
    14728823 (99.91%) aligned concordantly 0 times
    13068 (0.09%) aligned concordantly exactly 1 time
    535 (0.00%) aligned concordantly >1 times
    ----
    14728823 pairs aligned concordantly 0 times; of these:
      8271 (0.06%) aligned discordantly 1 time
    ----
    14720552 pairs aligned 0 times concordantly or discordantly; of these:
      29441104 mates make up the pairs; of these:
        29420306 (99.93%) aligned 0 times
        19703 (0.07%) aligned exactly 1 time
        1095 (0.00%) aligned >1 times
0.22% overall alignment rate
[bam_sort_core] merging from 8 files and 8 in-memory blocks...
359_R1_001.clean.fastq.gz bam-ified! Thu Nov 12 05:50:30 EST 2020
HISAT2 PE 361_R1_001.clean.fastq.gz Thu Nov 12 05:50:30 EST 2020
14274364 reads; of these:
  14274364 (100.00%) were paired; of these:
    14265221 (99.94%) aligned concordantly 0 times
    8733 (0.06%) aligned concordantly exactly 1 time
    410 (0.00%) aligned concordantly >1 times
    ----
    14265221 pairs aligned concordantly 0 times; of these:
      4534 (0.03%) aligned discordantly 1 time
    ----
    14260687 pairs aligned 0 times concordantly or discordantly; of these:
      28521374 mates make up the pairs; of these:
        28507768 (99.95%) aligned 0 times
        12829 (0.04%) aligned exactly 1 time
        777 (0.00%) aligned >1 times
0.14% overall alignment rate
[bam_sort_core] merging from 8 files and 8 in-memory blocks...
361_R1_001.clean.fastq.gz bam-ified! Thu Nov 12 06:41:55 EST 2020
HISAT2 PE 363_R1_001.clean.fastq.gz Thu Nov 12 06:41:55 EST 2020
17167695 reads; of these:
  17167695 (100.00%) were paired; of these:
    17143276 (99.86%) aligned concordantly 0 times
    23003 (0.13%) aligned concordantly exactly 1 time
    1416 (0.01%) aligned concordantly >1 times
    ----
    17143276 pairs aligned concordantly 0 times; of these:
      11102 (0.06%) aligned discordantly 1 time
    ----
    17132174 pairs aligned 0 times concordantly or discordantly; of these:
      34264348 mates make up the pairs; of these:
        34226118 (99.89%) aligned 0 times
        35807 (0.10%) aligned exactly 1 time
        2423 (0.01%) aligned >1 times
0.32% overall alignment rate
[bam_sort_core] merging from 8 files and 8 in-memory blocks...
363_R1_001.clean.fastq.gz bam-ified! Thu Nov 12 07:42:31 EST 2020
HISAT2 PE 365_R1_001.clean.fastq.gz Thu Nov 12 07:42:31 EST 2020
15092858 reads; of these:
  15092858 (100.00%) were paired; of these:
    15085322 (99.95%) aligned concordantly 0 times
    7128 (0.05%) aligned concordantly exactly 1 time
    408 (0.00%) aligned concordantly >1 times
    ----
    15085322 pairs aligned concordantly 0 times; of these:
      2767 (0.02%) aligned discordantly 1 time
    ----
    15082555 pairs aligned 0 times concordantly or discordantly; of these:
      30165110 mates make up the pairs; of these:
        30152669 (99.96%) aligned 0 times
        11676 (0.04%) aligned exactly 1 time
        765 (0.00%) aligned >1 times
0.11% overall alignment rate
[bam_sort_core] merging from 8 files and 8 in-memory blocks...
365_R1_001.clean.fastq.gz bam-ified! Thu Nov 12 08:36:56 EST 2020
HISAT2 PE 367_R1_001.clean.fastq.gz Thu Nov 12 08:36:56 EST 2020
13882376 reads; of these:
  13882376 (100.00%) were paired; of these:
    13871982 (99.93%) aligned concordantly 0 times
    9862 (0.07%) aligned concordantly exactly 1 time
    532 (0.00%) aligned concordantly >1 times
    ----
    13871982 pairs aligned concordantly 0 times; of these:
      4514 (0.03%) aligned discordantly 1 time
    ----
    13867468 pairs aligned 0 times concordantly or discordantly; of these:
      27734936 mates make up the pairs; of these:
        27716715 (99.93%) aligned 0 times
        17086 (0.06%) aligned exactly 1 time
        1135 (0.00%) aligned >1 times
0.17% overall alignment rate
[bam_sort_core] merging from 8 files and 8 in-memory blocks...
367_R1_001.clean.fastq.gz bam-ified! Thu Nov 12 09:26:43 EST 2020
HISAT2 PE 371_R1_001.clean.fastq.gz Thu Nov 12 09:26:43 EST 2020
14862977 reads; of these:
  14862977 (100.00%) were paired; of these:
    14857577 (99.96%) aligned concordantly 0 times
    5097 (0.03%) aligned concordantly exactly 1 time
    303 (0.00%) aligned concordantly >1 times
    ----
    14857577 pairs aligned concordantly 0 times; of these:
      1996 (0.01%) aligned discordantly 1 time
    ----
    14855581 pairs aligned 0 times concordantly or discordantly; of these:
      29711162 mates make up the pairs; of these:
        29701857 (99.97%) aligned 0 times
        8646 (0.03%) aligned exactly 1 time
        659 (0.00%) aligned >1 times
0.08% overall alignment rate
[bam_sort_core] merging from 8 files and 8 in-memory blocks...
371_R1_001.clean.fastq.gz bam-ified! Thu Nov 12 10:19:34 EST 2020
HISAT2 PE 373_R1_001.clean.fastq.gz Thu Nov 12 10:19:34 EST 2020
11650596 reads; of these:
  11650596 (100.00%) were paired; of these:
    11627175 (99.80%) aligned concordantly 0 times
    22585 (0.19%) aligned concordantly exactly 1 time
    836 (0.01%) aligned concordantly >1 times
    ----
    11627175 pairs aligned concordantly 0 times; of these:
      12679 (0.11%) aligned discordantly 1 time
    ----
    11614496 pairs aligned 0 times concordantly or discordantly; of these:
      23228992 mates make up the pairs; of these:
        23204943 (99.90%) aligned 0 times
        22720 (0.10%) aligned exactly 1 time
        1329 (0.01%) aligned >1 times
0.41% overall alignment rate
[bam_sort_core] merging from 8 files and 8 in-memory blocks...
373_R1_001.clean.fastq.gz bam-ified! Thu Nov 12 11:00:36 EST 2020
HISAT2 PE 375_R1_001.clean.fastq.gz Thu Nov 12 11:00:36 EST 2020
12509060 reads; of these:
  12509060 (100.00%) were paired; of these:
    12492042 (99.86%) aligned concordantly 0 times
    16209 (0.13%) aligned concordantly exactly 1 time
    809 (0.01%) aligned concordantly >1 times
    ----
    12492042 pairs aligned concordantly 0 times; of these:
      9095 (0.07%) aligned discordantly 1 time
    ----
    12482947 pairs aligned 0 times concordantly or discordantly; of these:
      24965894 mates make up the pairs; of these:
        24938834 (99.89%) aligned 0 times
        25483 (0.10%) aligned exactly 1 time
        1577 (0.01%) aligned >1 times
0.32% overall alignment rate
[bam_sort_core] merging from 8 files and 8 in-memory blocks...
375_R1_001.clean.fastq.gz bam-ified! Thu Nov 12 11:45:25 EST 2020
HISAT2 PE 379_R1_001.clean.fastq.gz Thu Nov 12 11:45:25 EST 2020
13669693 reads; of these:
  13669693 (100.00%) were paired; of these:
    13665959 (99.97%) aligned concordantly 0 times
    3515 (0.03%) aligned concordantly exactly 1 time
    219 (0.00%) aligned concordantly >1 times
    ----
    13665959 pairs aligned concordantly 0 times; of these:
      1474 (0.01%) aligned discordantly 1 time
    ----
    13664485 pairs aligned 0 times concordantly or discordantly; of these:
      27328970 mates make up the pairs; of these:
        27321913 (99.97%) aligned 0 times
        6603 (0.02%) aligned exactly 1 time
        454 (0.00%) aligned >1 times
0.06% overall alignment rate
[bam_sort_core] merging from 8 files and 8 in-memory blocks...
379_R1_001.clean.fastq.gz bam-ified! Thu Nov 12 12:35:08 EST 2020
