INFO [2021-02-18 10:20:18] $x
INFO [2021-02-18 10:20:18] list(pln_DEGs_all_venn %>% filter(contrast == "Low vs Ambient") %>% 
INFO [2021-02-18 10:20:18]     select(gene_id) %>% unlist(), pln_DEGs_all_venn %>% filter(contrast == 
INFO [2021-02-18 10:20:18]     "Extreme Low vs Ambient") %>% select(gene_id) %>% unlist(), 
INFO [2021-02-18 10:20:18]     pln_DEGs_all_venn %>% filter(contrast == "Extreme Low vs Low") %>% 
INFO [2021-02-18 10:20:18]         select(gene_id) %>% unlist())
INFO [2021-02-18 10:20:18] 
INFO [2021-02-18 10:20:18] $category.names
INFO [2021-02-18 10:20:18] c("Low vs Ambient", "Extreme Low vs Ambient", "Extreme Low vs Low")
INFO [2021-02-18 10:20:18] 
INFO [2021-02-18 10:20:18] $filename
INFO [2021-02-18 10:20:18] [1] "4-Differential-Gene-Expression-Analysis/Output/venn_OA_pln_DEGs.png"
INFO [2021-02-18 10:20:18] 
INFO [2021-02-18 10:20:18] $output
INFO [2021-02-18 10:20:18] [1] TRUE
INFO [2021-02-18 10:20:18] 
INFO [2021-02-18 10:20:18] $imagetype
INFO [2021-02-18 10:20:18] [1] "png"
INFO [2021-02-18 10:20:18] 
INFO [2021-02-18 10:20:18] $height
INFO [2021-02-18 10:20:18] [1] 600
INFO [2021-02-18 10:20:18] 
INFO [2021-02-18 10:20:18] $width
INFO [2021-02-18 10:20:18] [1] 600
INFO [2021-02-18 10:20:18] 
INFO [2021-02-18 10:20:18] $resolution
INFO [2021-02-18 10:20:18] [1] 300
INFO [2021-02-18 10:20:18] 
INFO [2021-02-18 10:20:18] $compression
INFO [2021-02-18 10:20:18] [1] "lzw"
INFO [2021-02-18 10:20:18] 
INFO [2021-02-18 10:20:18] $lwd
INFO [2021-02-18 10:20:18] [1] 2
INFO [2021-02-18 10:20:18] 
INFO [2021-02-18 10:20:18] $lty
INFO [2021-02-18 10:20:18] [1] "blank"
INFO [2021-02-18 10:20:18] 
INFO [2021-02-18 10:20:18] $fill
INFO [2021-02-18 10:20:18] ann_colors
INFO [2021-02-18 10:20:18] 
INFO [2021-02-18 10:20:18] $cex
INFO [2021-02-18 10:20:18] [1] 0.3
INFO [2021-02-18 10:20:18] 
INFO [2021-02-18 10:20:18] $fontface
INFO [2021-02-18 10:20:18] [1] "bold"
INFO [2021-02-18 10:20:18] 
INFO [2021-02-18 10:20:18] $fontfamily
INFO [2021-02-18 10:20:18] [1] "sans"
INFO [2021-02-18 10:20:18] 
INFO [2021-02-18 10:20:18] $cat.cex
INFO [2021-02-18 10:20:18] [1] 0.3
INFO [2021-02-18 10:20:18] 
INFO [2021-02-18 10:20:18] $cat.fontface
INFO [2021-02-18 10:20:18] [1] "bold"
INFO [2021-02-18 10:20:18] 
INFO [2021-02-18 10:20:18] $cat.default.pos
INFO [2021-02-18 10:20:18] [1] "outer"
INFO [2021-02-18 10:20:18] 
INFO [2021-02-18 10:20:18] $cat.pos
INFO [2021-02-18 10:20:18] c(-27, 27, 135)
INFO [2021-02-18 10:20:18] 
INFO [2021-02-18 10:20:18] $cat.dist
INFO [2021-02-18 10:20:18] c(0.055, 0.055, 0.085)
INFO [2021-02-18 10:20:18] 
INFO [2021-02-18 10:20:18] $cat.fontfamily
INFO [2021-02-18 10:20:18] [1] "sans"
INFO [2021-02-18 10:20:18] 
INFO [2021-02-18 10:20:18] $rotation
INFO [2021-02-18 10:20:18] [1] 1
INFO [2021-02-18 10:20:18] 
