INFO [2021-02-26 15:47:53] $x
INFO [2021-02-26 15:47:53] list(pln_DEGs_all_venn %>% filter(contrast == "Low vs Ambient") %>% 
INFO [2021-02-26 15:47:53]     select(gene_id) %>% unlist(), pln_DEGs_all_venn %>% filter(contrast == 
INFO [2021-02-26 15:47:53]     "Extreme Low vs Ambient") %>% select(gene_id) %>% unlist(), 
INFO [2021-02-26 15:47:53]     pln_DEGs_all_venn %>% filter(contrast == "Extreme Low vs Low") %>% 
INFO [2021-02-26 15:47:53]         select(gene_id) %>% unlist())
INFO [2021-02-26 15:47:53] 
INFO [2021-02-26 15:47:53] $category.names
INFO [2021-02-26 15:47:53] c("Low vs Ambient", "Extreme Low vs Ambient", "Extreme Low vs Low")
INFO [2021-02-26 15:47:53] 
INFO [2021-02-26 15:47:53] $filename
INFO [2021-02-26 15:47:53] [1] "4-Differential-Gene-Expression-Analysis/Output/venn_OA_pln_DEGs.png"
INFO [2021-02-26 15:47:53] 
INFO [2021-02-26 15:47:53] $output
INFO [2021-02-26 15:47:53] [1] TRUE
INFO [2021-02-26 15:47:53] 
INFO [2021-02-26 15:47:53] $imagetype
INFO [2021-02-26 15:47:53] [1] "png"
INFO [2021-02-26 15:47:53] 
INFO [2021-02-26 15:47:53] $height
INFO [2021-02-26 15:47:53] [1] 600
INFO [2021-02-26 15:47:53] 
INFO [2021-02-26 15:47:53] $width
INFO [2021-02-26 15:47:53] [1] 600
INFO [2021-02-26 15:47:53] 
INFO [2021-02-26 15:47:53] $resolution
INFO [2021-02-26 15:47:53] [1] 300
INFO [2021-02-26 15:47:53] 
INFO [2021-02-26 15:47:53] $compression
INFO [2021-02-26 15:47:53] [1] "lzw"
INFO [2021-02-26 15:47:53] 
INFO [2021-02-26 15:47:53] $lwd
INFO [2021-02-26 15:47:53] [1] 2
INFO [2021-02-26 15:47:53] 
INFO [2021-02-26 15:47:53] $lty
INFO [2021-02-26 15:47:53] [1] "blank"
INFO [2021-02-26 15:47:53] 
INFO [2021-02-26 15:47:53] $fill
INFO [2021-02-26 15:47:53] ann_colors
INFO [2021-02-26 15:47:53] 
INFO [2021-02-26 15:47:53] $cex
INFO [2021-02-26 15:47:53] [1] 0.3
INFO [2021-02-26 15:47:53] 
INFO [2021-02-26 15:47:53] $fontface
INFO [2021-02-26 15:47:53] [1] "bold"
INFO [2021-02-26 15:47:53] 
INFO [2021-02-26 15:47:53] $fontfamily
INFO [2021-02-26 15:47:53] [1] "sans"
INFO [2021-02-26 15:47:53] 
INFO [2021-02-26 15:47:53] $cat.cex
INFO [2021-02-26 15:47:53] [1] 0.3
INFO [2021-02-26 15:47:53] 
INFO [2021-02-26 15:47:53] $cat.fontface
INFO [2021-02-26 15:47:53] [1] "bold"
INFO [2021-02-26 15:47:53] 
INFO [2021-02-26 15:47:53] $cat.default.pos
INFO [2021-02-26 15:47:53] [1] "outer"
INFO [2021-02-26 15:47:53] 
INFO [2021-02-26 15:47:53] $cat.pos
INFO [2021-02-26 15:47:53] c(-27, 27, 135)
INFO [2021-02-26 15:47:53] 
INFO [2021-02-26 15:47:53] $cat.dist
INFO [2021-02-26 15:47:53] c(0.055, 0.055, 0.085)
INFO [2021-02-26 15:47:53] 
INFO [2021-02-26 15:47:53] $cat.fontfamily
INFO [2021-02-26 15:47:53] [1] "sans"
INFO [2021-02-26 15:47:53] 
INFO [2021-02-26 15:47:53] $rotation
INFO [2021-02-26 15:47:53] [1] 1
INFO [2021-02-26 15:47:53] 
