INFO [2021-03-16 16:16:23] $x
INFO [2021-03-16 16:16:23] list(pln_DEGs_all_venn %>% filter(contrast == "Low vs Ambient") %>% 
INFO [2021-03-16 16:16:23]     select(gene_id) %>% unlist(), pln_DEGs_all_venn %>% filter(contrast == 
INFO [2021-03-16 16:16:23]     "Extreme Low vs Ambient") %>% select(gene_id) %>% unlist(), 
INFO [2021-03-16 16:16:23]     pln_DEGs_all_venn %>% filter(contrast == "Extreme Low vs Low") %>% 
INFO [2021-03-16 16:16:23]         select(gene_id) %>% unlist())
INFO [2021-03-16 16:16:23] 
INFO [2021-03-16 16:16:23] $category.names
INFO [2021-03-16 16:16:23] c("Low vs Ambient", "Extreme Low vs Ambient", "Extreme Low vs Low")
INFO [2021-03-16 16:16:23] 
INFO [2021-03-16 16:16:23] $filename
INFO [2021-03-16 16:16:23] [1] "4-Differential-Gene-Expression-Analysis/Output/venn_OA_pln_DEGs.png"
INFO [2021-03-16 16:16:23] 
INFO [2021-03-16 16:16:23] $output
INFO [2021-03-16 16:16:23] [1] TRUE
INFO [2021-03-16 16:16:23] 
INFO [2021-03-16 16:16:23] $imagetype
INFO [2021-03-16 16:16:23] [1] "png"
INFO [2021-03-16 16:16:23] 
INFO [2021-03-16 16:16:23] $height
INFO [2021-03-16 16:16:23] [1] 600
INFO [2021-03-16 16:16:23] 
INFO [2021-03-16 16:16:23] $width
INFO [2021-03-16 16:16:23] [1] 600
INFO [2021-03-16 16:16:23] 
INFO [2021-03-16 16:16:23] $resolution
INFO [2021-03-16 16:16:23] [1] 300
INFO [2021-03-16 16:16:23] 
INFO [2021-03-16 16:16:23] $compression
INFO [2021-03-16 16:16:23] [1] "lzw"
INFO [2021-03-16 16:16:23] 
INFO [2021-03-16 16:16:23] $lwd
INFO [2021-03-16 16:16:23] [1] 2
INFO [2021-03-16 16:16:23] 
INFO [2021-03-16 16:16:23] $lty
INFO [2021-03-16 16:16:23] [1] "blank"
INFO [2021-03-16 16:16:23] 
INFO [2021-03-16 16:16:23] $fill
INFO [2021-03-16 16:16:23] ann_colors
INFO [2021-03-16 16:16:23] 
INFO [2021-03-16 16:16:23] $cex
INFO [2021-03-16 16:16:23] [1] 0.3
INFO [2021-03-16 16:16:23] 
INFO [2021-03-16 16:16:23] $fontface
INFO [2021-03-16 16:16:23] [1] "bold"
INFO [2021-03-16 16:16:23] 
INFO [2021-03-16 16:16:23] $fontfamily
INFO [2021-03-16 16:16:23] [1] "sans"
INFO [2021-03-16 16:16:23] 
INFO [2021-03-16 16:16:23] $cat.cex
INFO [2021-03-16 16:16:23] [1] 0.3
INFO [2021-03-16 16:16:23] 
INFO [2021-03-16 16:16:23] $cat.fontface
INFO [2021-03-16 16:16:23] [1] "bold"
INFO [2021-03-16 16:16:23] 
INFO [2021-03-16 16:16:23] $cat.default.pos
INFO [2021-03-16 16:16:23] [1] "outer"
INFO [2021-03-16 16:16:23] 
INFO [2021-03-16 16:16:23] $cat.pos
INFO [2021-03-16 16:16:23] c(-27, 27, 135)
INFO [2021-03-16 16:16:23] 
INFO [2021-03-16 16:16:23] $cat.dist
INFO [2021-03-16 16:16:23] c(0.055, 0.055, 0.085)
INFO [2021-03-16 16:16:23] 
INFO [2021-03-16 16:16:23] $cat.fontfamily
INFO [2021-03-16 16:16:23] [1] "sans"
INFO [2021-03-16 16:16:23] 
INFO [2021-03-16 16:16:23] $rotation
INFO [2021-03-16 16:16:23] [1] 1
INFO [2021-03-16 16:16:23] 
