INFO [2021-03-16 16:01:00] $x
INFO [2021-03-16 16:01:00] list(pln_DEGs_all_venn %>% filter(contrast == "Low vs Ambient") %>% 
INFO [2021-03-16 16:01:00]     select(gene_id) %>% unlist(), pln_DEGs_all_venn %>% filter(contrast == 
INFO [2021-03-16 16:01:00]     "Extreme Low vs Ambient") %>% select(gene_id) %>% unlist(), 
INFO [2021-03-16 16:01:00]     pln_DEGs_all_venn %>% filter(contrast == "Extreme Low vs Low") %>% 
INFO [2021-03-16 16:01:00]         select(gene_id) %>% unlist())
INFO [2021-03-16 16:01:00] 
INFO [2021-03-16 16:01:00] $category.names
INFO [2021-03-16 16:01:00] c("Low vs Ambient", "Extreme Low vs Ambient", "Extreme Low vs Low")
INFO [2021-03-16 16:01:00] 
INFO [2021-03-16 16:01:00] $filename
INFO [2021-03-16 16:01:00] [1] "4-Differential-Gene-Expression-Analysis/Output/venn_OA_pln_DEGs.png"
INFO [2021-03-16 16:01:00] 
INFO [2021-03-16 16:01:00] $output
INFO [2021-03-16 16:01:00] [1] TRUE
INFO [2021-03-16 16:01:00] 
INFO [2021-03-16 16:01:00] $imagetype
INFO [2021-03-16 16:01:00] [1] "png"
INFO [2021-03-16 16:01:00] 
INFO [2021-03-16 16:01:00] $height
INFO [2021-03-16 16:01:00] [1] 600
INFO [2021-03-16 16:01:00] 
INFO [2021-03-16 16:01:00] $width
INFO [2021-03-16 16:01:00] [1] 600
INFO [2021-03-16 16:01:00] 
INFO [2021-03-16 16:01:00] $resolution
INFO [2021-03-16 16:01:00] [1] 300
INFO [2021-03-16 16:01:00] 
INFO [2021-03-16 16:01:00] $compression
INFO [2021-03-16 16:01:00] [1] "lzw"
INFO [2021-03-16 16:01:00] 
INFO [2021-03-16 16:01:00] $lwd
INFO [2021-03-16 16:01:00] [1] 2
INFO [2021-03-16 16:01:00] 
INFO [2021-03-16 16:01:00] $lty
INFO [2021-03-16 16:01:00] [1] "blank"
INFO [2021-03-16 16:01:00] 
INFO [2021-03-16 16:01:00] $fill
INFO [2021-03-16 16:01:00] ann_colors
INFO [2021-03-16 16:01:00] 
INFO [2021-03-16 16:01:00] $cex
INFO [2021-03-16 16:01:00] [1] 0.3
INFO [2021-03-16 16:01:00] 
INFO [2021-03-16 16:01:00] $fontface
INFO [2021-03-16 16:01:00] [1] "bold"
INFO [2021-03-16 16:01:00] 
INFO [2021-03-16 16:01:00] $fontfamily
INFO [2021-03-16 16:01:00] [1] "sans"
INFO [2021-03-16 16:01:00] 
INFO [2021-03-16 16:01:00] $cat.cex
INFO [2021-03-16 16:01:00] [1] 0.3
INFO [2021-03-16 16:01:00] 
INFO [2021-03-16 16:01:00] $cat.fontface
INFO [2021-03-16 16:01:00] [1] "bold"
INFO [2021-03-16 16:01:00] 
INFO [2021-03-16 16:01:00] $cat.default.pos
INFO [2021-03-16 16:01:00] [1] "outer"
INFO [2021-03-16 16:01:00] 
INFO [2021-03-16 16:01:00] $cat.pos
INFO [2021-03-16 16:01:00] c(-27, 27, 135)
INFO [2021-03-16 16:01:00] 
INFO [2021-03-16 16:01:00] $cat.dist
INFO [2021-03-16 16:01:00] c(0.055, 0.055, 0.085)
INFO [2021-03-16 16:01:00] 
INFO [2021-03-16 16:01:00] $cat.fontfamily
INFO [2021-03-16 16:01:00] [1] "sans"
INFO [2021-03-16 16:01:00] 
INFO [2021-03-16 16:01:00] $rotation
INFO [2021-03-16 16:01:00] [1] 1
INFO [2021-03-16 16:01:00] 
