INFO [2021-02-18 10:16:10] $x
INFO [2021-02-18 10:16:10] list(pln_DEGs_all_venn %>% filter(contrast == "Low vs Ambient") %>% 
INFO [2021-02-18 10:16:10]     select(gene_id) %>% unlist(), pln_DEGs_all_venn %>% filter(contrast == 
INFO [2021-02-18 10:16:10]     "Extreme Low vs Ambient") %>% select(gene_id) %>% unlist(), 
INFO [2021-02-18 10:16:10]     pln_DEGs_all_venn %>% filter(contrast == "Extreme Low vs Low") %>% 
INFO [2021-02-18 10:16:10]         select(gene_id) %>% unlist())
INFO [2021-02-18 10:16:10] 
INFO [2021-02-18 10:16:10] $category.names
INFO [2021-02-18 10:16:10] c("Low vs Ambient", "Extreme Low vs Ambient", "Extreme Low vs Low")
INFO [2021-02-18 10:16:10] 
INFO [2021-02-18 10:16:10] $filename
INFO [2021-02-18 10:16:10] [1] "4-Differential-Gene-Expression-Analysis/Output/venn_OA_pln_DEGs.png"
INFO [2021-02-18 10:16:10] 
INFO [2021-02-18 10:16:10] $output
INFO [2021-02-18 10:16:10] [1] TRUE
INFO [2021-02-18 10:16:10] 
INFO [2021-02-18 10:16:10] $imagetype
INFO [2021-02-18 10:16:10] [1] "png"
INFO [2021-02-18 10:16:10] 
INFO [2021-02-18 10:16:10] $height
INFO [2021-02-18 10:16:10] [1] 600
INFO [2021-02-18 10:16:10] 
INFO [2021-02-18 10:16:10] $width
INFO [2021-02-18 10:16:10] [1] 600
INFO [2021-02-18 10:16:10] 
INFO [2021-02-18 10:16:10] $resolution
INFO [2021-02-18 10:16:10] [1] 300
INFO [2021-02-18 10:16:10] 
INFO [2021-02-18 10:16:10] $compression
INFO [2021-02-18 10:16:10] [1] "lzw"
INFO [2021-02-18 10:16:10] 
INFO [2021-02-18 10:16:10] $lwd
INFO [2021-02-18 10:16:10] [1] 2
INFO [2021-02-18 10:16:10] 
INFO [2021-02-18 10:16:10] $lty
INFO [2021-02-18 10:16:10] [1] "blank"
INFO [2021-02-18 10:16:10] 
INFO [2021-02-18 10:16:10] $fill
INFO [2021-02-18 10:16:10] ann_colors
INFO [2021-02-18 10:16:10] 
INFO [2021-02-18 10:16:10] $cex
INFO [2021-02-18 10:16:10] [1] 0.3
INFO [2021-02-18 10:16:10] 
INFO [2021-02-18 10:16:10] $fontface
INFO [2021-02-18 10:16:10] [1] "bold"
INFO [2021-02-18 10:16:10] 
INFO [2021-02-18 10:16:10] $fontfamily
INFO [2021-02-18 10:16:10] [1] "sans"
INFO [2021-02-18 10:16:10] 
INFO [2021-02-18 10:16:10] $cat.cex
INFO [2021-02-18 10:16:10] [1] 0.3
INFO [2021-02-18 10:16:10] 
INFO [2021-02-18 10:16:10] $cat.fontface
INFO [2021-02-18 10:16:10] [1] "bold"
INFO [2021-02-18 10:16:10] 
INFO [2021-02-18 10:16:10] $cat.default.pos
INFO [2021-02-18 10:16:10] [1] "outer"
INFO [2021-02-18 10:16:10] 
INFO [2021-02-18 10:16:10] $cat.pos
INFO [2021-02-18 10:16:10] c(-27, 27, 135)
INFO [2021-02-18 10:16:10] 
INFO [2021-02-18 10:16:10] $cat.dist
INFO [2021-02-18 10:16:10] c(0.055, 0.055, 0.085)
INFO [2021-02-18 10:16:10] 
INFO [2021-02-18 10:16:10] $cat.fontfamily
INFO [2021-02-18 10:16:10] [1] "sans"
INFO [2021-02-18 10:16:10] 
INFO [2021-02-18 10:16:10] $rotation
INFO [2021-02-18 10:16:10] [1] 1
INFO [2021-02-18 10:16:10] 
