INFO [2021-03-16 17:36:56] $x
INFO [2021-03-16 17:36:56] list(pln_DEGs_all_venn %>% filter(contrast == "Low vs Ambient") %>% 
INFO [2021-03-16 17:36:56]     select(gene_id) %>% unlist(), pln_DEGs_all_venn %>% filter(contrast == 
INFO [2021-03-16 17:36:56]     "Extreme Low vs Ambient") %>% select(gene_id) %>% unlist(), 
INFO [2021-03-16 17:36:56]     pln_DEGs_all_venn %>% filter(contrast == "Extreme Low vs Low") %>% 
INFO [2021-03-16 17:36:56]         select(gene_id) %>% unlist())
INFO [2021-03-16 17:36:56] 
INFO [2021-03-16 17:36:56] $category.names
INFO [2021-03-16 17:36:56] c("Low vs Ambient", "Extreme Low vs Ambient", "Extreme Low vs Low")
INFO [2021-03-16 17:36:56] 
INFO [2021-03-16 17:36:56] $filename
INFO [2021-03-16 17:36:56] [1] "4-Differential-Gene-Expression-Analysis/Output/venn_OA_pln_DEGs.png"
INFO [2021-03-16 17:36:56] 
INFO [2021-03-16 17:36:56] $output
INFO [2021-03-16 17:36:56] [1] TRUE
INFO [2021-03-16 17:36:56] 
INFO [2021-03-16 17:36:56] $imagetype
INFO [2021-03-16 17:36:56] [1] "png"
INFO [2021-03-16 17:36:56] 
INFO [2021-03-16 17:36:56] $height
INFO [2021-03-16 17:36:56] [1] 600
INFO [2021-03-16 17:36:56] 
INFO [2021-03-16 17:36:56] $width
INFO [2021-03-16 17:36:56] [1] 600
INFO [2021-03-16 17:36:56] 
INFO [2021-03-16 17:36:56] $resolution
INFO [2021-03-16 17:36:56] [1] 300
INFO [2021-03-16 17:36:56] 
INFO [2021-03-16 17:36:56] $compression
INFO [2021-03-16 17:36:56] [1] "lzw"
INFO [2021-03-16 17:36:56] 
INFO [2021-03-16 17:36:56] $lwd
INFO [2021-03-16 17:36:56] [1] 2
INFO [2021-03-16 17:36:56] 
INFO [2021-03-16 17:36:56] $lty
INFO [2021-03-16 17:36:56] [1] "blank"
INFO [2021-03-16 17:36:56] 
INFO [2021-03-16 17:36:56] $fill
INFO [2021-03-16 17:36:56] ann_colors
INFO [2021-03-16 17:36:56] 
INFO [2021-03-16 17:36:56] $cex
INFO [2021-03-16 17:36:56] [1] 0.3
INFO [2021-03-16 17:36:56] 
INFO [2021-03-16 17:36:56] $fontface
INFO [2021-03-16 17:36:56] [1] "bold"
INFO [2021-03-16 17:36:56] 
INFO [2021-03-16 17:36:56] $fontfamily
INFO [2021-03-16 17:36:56] [1] "sans"
INFO [2021-03-16 17:36:56] 
INFO [2021-03-16 17:36:56] $cat.cex
INFO [2021-03-16 17:36:56] [1] 0.3
INFO [2021-03-16 17:36:56] 
INFO [2021-03-16 17:36:56] $cat.fontface
INFO [2021-03-16 17:36:56] [1] "bold"
INFO [2021-03-16 17:36:56] 
INFO [2021-03-16 17:36:56] $cat.default.pos
INFO [2021-03-16 17:36:56] [1] "outer"
INFO [2021-03-16 17:36:56] 
INFO [2021-03-16 17:36:56] $cat.pos
INFO [2021-03-16 17:36:56] c(-27, 27, 135)
INFO [2021-03-16 17:36:56] 
INFO [2021-03-16 17:36:56] $cat.dist
INFO [2021-03-16 17:36:56] c(0.055, 0.055, 0.085)
INFO [2021-03-16 17:36:56] 
INFO [2021-03-16 17:36:56] $cat.fontfamily
INFO [2021-03-16 17:36:56] [1] "sans"
INFO [2021-03-16 17:36:56] 
INFO [2021-03-16 17:36:56] $rotation
INFO [2021-03-16 17:36:56] [1] 1
INFO [2021-03-16 17:36:56] 
