INFO [2021-03-16 18:26:17] $x
INFO [2021-03-16 18:26:17] list(pln_DEGs_all_venn %>% filter(contrast == "Low vs Ambient") %>% 
INFO [2021-03-16 18:26:17]     select(gene_id) %>% unlist(), pln_DEGs_all_venn %>% filter(contrast == 
INFO [2021-03-16 18:26:17]     "Extreme Low vs Ambient") %>% select(gene_id) %>% unlist(), 
INFO [2021-03-16 18:26:17]     pln_DEGs_all_venn %>% filter(contrast == "Extreme Low vs Low") %>% 
INFO [2021-03-16 18:26:17]         select(gene_id) %>% unlist())
INFO [2021-03-16 18:26:17] 
INFO [2021-03-16 18:26:17] $category.names
INFO [2021-03-16 18:26:17] c("Low vs Ambient", "Extreme Low vs Ambient", "Extreme Low vs Low")
INFO [2021-03-16 18:26:17] 
INFO [2021-03-16 18:26:17] $filename
INFO [2021-03-16 18:26:17] [1] "4-Differential-Gene-Expression-Analysis/Output/venn_OA_pln_DEGs.png"
INFO [2021-03-16 18:26:17] 
INFO [2021-03-16 18:26:17] $output
INFO [2021-03-16 18:26:17] [1] TRUE
INFO [2021-03-16 18:26:17] 
INFO [2021-03-16 18:26:17] $imagetype
INFO [2021-03-16 18:26:17] [1] "png"
INFO [2021-03-16 18:26:17] 
INFO [2021-03-16 18:26:17] $height
INFO [2021-03-16 18:26:17] [1] 600
INFO [2021-03-16 18:26:17] 
INFO [2021-03-16 18:26:17] $width
INFO [2021-03-16 18:26:17] [1] 600
INFO [2021-03-16 18:26:17] 
INFO [2021-03-16 18:26:17] $resolution
INFO [2021-03-16 18:26:17] [1] 300
INFO [2021-03-16 18:26:17] 
INFO [2021-03-16 18:26:17] $compression
INFO [2021-03-16 18:26:17] [1] "lzw"
INFO [2021-03-16 18:26:17] 
INFO [2021-03-16 18:26:17] $lwd
INFO [2021-03-16 18:26:17] [1] 2
INFO [2021-03-16 18:26:17] 
INFO [2021-03-16 18:26:17] $lty
INFO [2021-03-16 18:26:17] [1] "blank"
INFO [2021-03-16 18:26:17] 
INFO [2021-03-16 18:26:17] $fill
INFO [2021-03-16 18:26:17] ann_colors
INFO [2021-03-16 18:26:17] 
INFO [2021-03-16 18:26:17] $cex
INFO [2021-03-16 18:26:17] [1] 0.3
INFO [2021-03-16 18:26:17] 
INFO [2021-03-16 18:26:17] $fontface
INFO [2021-03-16 18:26:17] [1] "bold"
INFO [2021-03-16 18:26:17] 
INFO [2021-03-16 18:26:17] $fontfamily
INFO [2021-03-16 18:26:17] [1] "sans"
INFO [2021-03-16 18:26:17] 
INFO [2021-03-16 18:26:17] $cat.cex
INFO [2021-03-16 18:26:17] [1] 0.3
INFO [2021-03-16 18:26:17] 
INFO [2021-03-16 18:26:17] $cat.fontface
INFO [2021-03-16 18:26:17] [1] "bold"
INFO [2021-03-16 18:26:17] 
INFO [2021-03-16 18:26:17] $cat.default.pos
INFO [2021-03-16 18:26:17] [1] "outer"
INFO [2021-03-16 18:26:17] 
INFO [2021-03-16 18:26:17] $cat.pos
INFO [2021-03-16 18:26:17] c(-27, 27, 135)
INFO [2021-03-16 18:26:17] 
INFO [2021-03-16 18:26:17] $cat.dist
INFO [2021-03-16 18:26:17] c(0.055, 0.055, 0.085)
INFO [2021-03-16 18:26:17] 
INFO [2021-03-16 18:26:17] $cat.fontfamily
INFO [2021-03-16 18:26:17] [1] "sans"
INFO [2021-03-16 18:26:17] 
INFO [2021-03-16 18:26:17] $rotation
INFO [2021-03-16 18:26:17] [1] 1
INFO [2021-03-16 18:26:17] 
